0 info it worked if it ends with ok
1 verbose cli [ '/Users/ryanyogan/.nvm/versions/node/v5.4.1/bin/node',
1 verbose cli   '/Users/ryanyogan/.nvm/versions/node/v5.4.1/bin/npm',
1 verbose cli   'run',
1 verbose cli   'test' ]
2 info using npm@3.3.12
3 info using node@v5.4.1
4 verbose run-script [ 'pretest', 'test', 'posttest' ]
5 info lifecycle multi-select@0.0.1~pretest: multi-select@0.0.1
6 silly lifecycle multi-select@0.0.1~pretest: no script for pretest, continuing
7 info lifecycle multi-select@0.0.1~test: multi-select@0.0.1
8 verbose lifecycle multi-select@0.0.1~test: unsafe-perm in lifecycle true
9 verbose lifecycle multi-select@0.0.1~test: PATH: /Users/ryanyogan/.nvm/versions/node/v5.4.1/lib/node_modules/npm/bin/node-gyp-bin:/Users/ryanyogan/montway/multi-select/node_modules/.bin:/Users/ryanyogan/.rvm/gems/ruby-2.2.3/bin:/Users/ryanyogan/.rvm/gems/ruby-2.2.3@global/bin:/Users/ryanyogan/.rvm/rubies/ruby-2.2.3/bin:/Users/ryanyogan/.nvm/versions/node/v5.4.1/bin:.git/safe/../../bin:/Users/ryanyogan/.bin:/usr/local/sbin:/usr/local/bin:/usr/bin:/bin:/usr/sbin:/sbin:/usr/local/opt/android-sdk/tools:/usr/local/opt/android-sdk/platform-tools:/Users/ryanyogan/.rvm/bin
10 verbose lifecycle multi-select@0.0.1~test: CWD: /Users/ryanyogan/montway/multi-select
11 silly lifecycle multi-select@0.0.1~test: Args: [ '-c',
11 silly lifecycle   'mocha --compilers js:babel-core/register --require ./test/test_helper.js --recursive' ]
12 silly lifecycle multi-select@0.0.1~test: Returned: code: 1  signal: null
13 info lifecycle multi-select@0.0.1~test: Failed to exec test script
14 verbose stack Error: multi-select@0.0.1 test: `mocha --compilers js:babel-core/register --require ./test/test_helper.js --recursive`
14 verbose stack Exit status 1
14 verbose stack     at EventEmitter.<anonymous> (/Users/ryanyogan/.nvm/versions/node/v5.4.1/lib/node_modules/npm/lib/utils/lifecycle.js:232:16)
14 verbose stack     at emitTwo (events.js:87:13)
14 verbose stack     at EventEmitter.emit (events.js:172:7)
14 verbose stack     at ChildProcess.<anonymous> (/Users/ryanyogan/.nvm/versions/node/v5.4.1/lib/node_modules/npm/lib/utils/spawn.js:24:14)
14 verbose stack     at emitTwo (events.js:87:13)
14 verbose stack     at ChildProcess.emit (events.js:172:7)
14 verbose stack     at maybeClose (internal/child_process.js:821:16)
14 verbose stack     at Process.ChildProcess._handle.onexit (internal/child_process.js:211:5)
15 verbose pkgid multi-select@0.0.1
16 verbose cwd /Users/ryanyogan/montway/multi-select
17 error Darwin 15.0.0
18 error argv "/Users/ryanyogan/.nvm/versions/node/v5.4.1/bin/node" "/Users/ryanyogan/.nvm/versions/node/v5.4.1/bin/npm" "run" "test"
19 error node v5.4.1
20 error npm  v3.3.12
21 error code ELIFECYCLE
22 error multi-select@0.0.1 test: `mocha --compilers js:babel-core/register --require ./test/test_helper.js --recursive`
22 error Exit status 1
23 error Failed at the multi-select@0.0.1 test script 'mocha --compilers js:babel-core/register --require ./test/test_helper.js --recursive'.
23 error Make sure you have the latest version of node.js and npm installed.
23 error If you do, this is most likely a problem with the multi-select package,
23 error not with npm itself.
23 error Tell the author that this fails on your system:
23 error     mocha --compilers js:babel-core/register --require ./test/test_helper.js --recursive
23 error You can get their info via:
23 error     npm owner ls multi-select
23 error There is likely additional logging output above.
24 verbose exit [ 1, true ]
